{"D:\\hacettepe\\YazılımDoğrulamaGeçerleme\\proje\\javascript_project\\JEST_prj\\src\\FizzBuzz.js": {"path":"D:\\hacettepe\\YazılımDoğrulamaGeçerleme\\proje\\javascript_project\\JEST_prj\\src\\FizzBuzz.js","statementMap":{"0":{"start":{"line":1,"column":17},"end":{"line":25,"column":1}},"1":{"start":{"line":4,"column":8},"end":{"line":6,"column":9}},"2":{"start":{"line":5,"column":12},"end":{"line":5,"column":58}},"3":{"start":{"line":7,"column":8},"end":{"line":7,"column":89}},"4":{"start":{"line":7,"column":69},"end":{"line":7,"column":87}},"5":{"start":{"line":8,"column":8},"end":{"line":8,"column":57}},"6":{"start":{"line":8,"column":41},"end":{"line":8,"column":55}},"7":{"start":{"line":9,"column":8},"end":{"line":9,"column":56}},"8":{"start":{"line":9,"column":40},"end":{"line":9,"column":54}},"9":{"start":{"line":11,"column":8},"end":{"line":11,"column":33}},"10":{"start":{"line":14,"column":30},"end":{"line":16,"column":5}},"11":{"start":{"line":15,"column":8},"end":{"line":15,"column":46}},"12":{"start":{"line":18,"column":29},"end":{"line":20,"column":5}},"13":{"start":{"line":19,"column":8},"end":{"line":19,"column":46}},"14":{"start":{"line":22,"column":4},"end":{"line":24,"column":6}},"15":{"start":{"line":27,"column":0},"end":{"line":27,"column":28}}},"fnMap":{"0":{"name":"(anonymous_0)","decl":{"start":{"line":1,"column":17},"end":{"line":1,"column":18}},"loc":{"start":{"line":1,"column":23},"end":{"line":25,"column":1}},"line":1},"1":{"name":"getResult","decl":{"start":{"line":2,"column":13},"end":{"line":2,"column":22}},"loc":{"start":{"line":2,"column":31},"end":{"line":13,"column":5}},"line":2},"2":{"name":"(anonymous_2)","decl":{"start":{"line":14,"column":30},"end":{"line":14,"column":31}},"loc":{"start":{"line":14,"column":42},"end":{"line":16,"column":5}},"line":14},"3":{"name":"(anonymous_3)","decl":{"start":{"line":18,"column":29},"end":{"line":18,"column":30}},"loc":{"start":{"line":18,"column":41},"end":{"line":20,"column":5}},"line":18}},"branchMap":{"0":{"loc":{"start":{"line":4,"column":8},"end":{"line":6,"column":9}},"type":"if","locations":[{"start":{"line":4,"column":8},"end":{"line":6,"column":9}},{"start":{"line":4,"column":8},"end":{"line":6,"column":9}}],"line":4},"1":{"loc":{"start":{"line":4,"column":12},"end":{"line":4,"column":68}},"type":"binary-expr","locations":[{"start":{"line":4,"column":12},"end":{"line":4,"column":22}},{"start":{"line":4,"column":26},"end":{"line":4,"column":38}},{"start":{"line":4,"column":42},"end":{"line":4,"column":68}}],"line":4},"2":{"loc":{"start":{"line":7,"column":8},"end":{"line":7,"column":89}},"type":"if","locations":[{"start":{"line":7,"column":8},"end":{"line":7,"column":89}},{"start":{"line":7,"column":8},"end":{"line":7,"column":89}}],"line":7},"3":{"loc":{"start":{"line":7,"column":12},"end":{"line":7,"column":65}},"type":"binary-expr","locations":[{"start":{"line":7,"column":12},"end":{"line":7,"column":37}},{"start":{"line":7,"column":41},"end":{"line":7,"column":65}}],"line":7},"4":{"loc":{"start":{"line":8,"column":8},"end":{"line":8,"column":57}},"type":"if","locations":[{"start":{"line":8,"column":8},"end":{"line":8,"column":57}},{"start":{"line":8,"column":8},"end":{"line":8,"column":57}}],"line":8},"5":{"loc":{"start":{"line":9,"column":8},"end":{"line":9,"column":56}},"type":"if","locations":[{"start":{"line":9,"column":8},"end":{"line":9,"column":56}},{"start":{"line":9,"column":8},"end":{"line":9,"column":56}}],"line":9},"6":{"loc":{"start":{"line":15,"column":15},"end":{"line":15,"column":45}},"type":"binary-expr","locations":[{"start":{"line":15,"column":15},"end":{"line":15,"column":30}},{"start":{"line":15,"column":34},"end":{"line":15,"column":45}}],"line":15},"7":{"loc":{"start":{"line":19,"column":15},"end":{"line":19,"column":45}},"type":"binary-expr","locations":[{"start":{"line":19,"column":15},"end":{"line":19,"column":30}},{"start":{"line":19,"column":34},"end":{"line":19,"column":45}}],"line":19}},"s":{"0":1,"1":8,"2":3,"3":5,"4":1,"5":4,"6":1,"7":3,"8":1,"9":2,"10":1,"11":9,"12":1,"13":5,"14":1,"15":1},"f":{"0":1,"1":8,"2":9,"3":5},"b":{"0":[3,5],"1":[8,7,6],"2":[1,4],"3":[5,2],"4":[1,3],"5":[1,2],"6":[9,3],"7":[5,2]},"_coverageSchema":"43e27e138ebf9cfc5966b082cf9a028302ed4184","hash":"85f549f6d8ca8c268cef41335ab1d053242be5a8"}
,"D:\\hacettepe\\YazılımDoğrulamaGeçerleme\\proje\\javascript_project\\JEST_prj\\src\\MergeSort.js": {"path":"D:\\hacettepe\\YazılımDoğrulamaGeçerleme\\proje\\javascript_project\\JEST_prj\\src\\MergeSort.js","statementMap":{"0":{"start":{"line":1,"column":18},"end":{"line":28,"column":1}},"1":{"start":{"line":4,"column":19},"end":{"line":4,"column":35}},"2":{"start":{"line":5,"column":8},"end":{"line":10,"column":9}},"3":{"start":{"line":6,"column":12},"end":{"line":6,"column":25}},"4":{"start":{"line":8,"column":25},"end":{"line":8,"column":46}},"5":{"start":{"line":9,"column":12},"end":{"line":9,"column":61}},"6":{"start":{"line":14,"column":20},"end":{"line":14,"column":22}},"7":{"start":{"line":15,"column":8},"end":{"line":21,"column":9}},"8":{"start":{"line":16,"column":12},"end":{"line":20,"column":13}},"9":{"start":{"line":17,"column":16},"end":{"line":17,"column":39}},"10":{"start":{"line":19,"column":16},"end":{"line":19,"column":40}},"11":{"start":{"line":22,"column":8},"end":{"line":22,"column":43}},"12":{"start":{"line":25,"column":4},"end":{"line":27,"column":6}},"13":{"start":{"line":29,"column":0},"end":{"line":29,"column":29}}},"fnMap":{"0":{"name":"(anonymous_0)","decl":{"start":{"line":1,"column":18},"end":{"line":1,"column":19}},"loc":{"start":{"line":1,"column":24},"end":{"line":28,"column":1}},"line":1},"1":{"name":"getResult","decl":{"start":{"line":3,"column":13},"end":{"line":3,"column":22}},"loc":{"start":{"line":3,"column":30},"end":{"line":11,"column":5}},"line":3},"2":{"name":"merger","decl":{"start":{"line":13,"column":13},"end":{"line":13,"column":19}},"loc":{"start":{"line":13,"column":33},"end":{"line":23,"column":5}},"line":13}},"branchMap":{"0":{"loc":{"start":{"line":5,"column":8},"end":{"line":10,"column":9}},"type":"if","locations":[{"start":{"line":5,"column":8},"end":{"line":10,"column":9}},{"start":{"line":5,"column":8},"end":{"line":10,"column":9}}],"line":5},"1":{"loc":{"start":{"line":15,"column":15},"end":{"line":15,"column":42}},"type":"binary-expr","locations":[{"start":{"line":15,"column":15},"end":{"line":15,"column":26}},{"start":{"line":15,"column":30},"end":{"line":15,"column":42}}],"line":15},"2":{"loc":{"start":{"line":16,"column":12},"end":{"line":20,"column":13}},"type":"if","locations":[{"start":{"line":16,"column":12},"end":{"line":20,"column":13}},{"start":{"line":16,"column":12},"end":{"line":20,"column":13}}],"line":16}},"s":{"0":1,"1":92,"2":92,"3":49,"4":43,"5":43,"6":43,"7":43,"8":110,"9":52,"10":58,"11":43,"12":1,"13":1},"f":{"0":1,"1":92,"2":43},"b":{"0":[49,43],"1":[153,130],"2":[52,58]},"_coverageSchema":"43e27e138ebf9cfc5966b082cf9a028302ed4184","hash":"6c99d5fe3b5c15abf6def062d39de35f7056503c"}
,"D:\\hacettepe\\YazılımDoğrulamaGeçerleme\\proje\\javascript_project\\JEST_prj\\src\\Palindrome.js": {"path":"D:\\hacettepe\\YazılımDoğrulamaGeçerleme\\proje\\javascript_project\\JEST_prj\\src\\Palindrome.js","statementMap":{"0":{"start":{"line":1,"column":19},"end":{"line":12,"column":1}},"1":{"start":{"line":3,"column":17},"end":{"line":3,"column":25}},"2":{"start":{"line":4,"column":24},"end":{"line":4,"column":57}},"3":{"start":{"line":5,"column":25},"end":{"line":5,"column":63}},"4":{"start":{"line":6,"column":8},"end":{"line":6,"column":40}},"5":{"start":{"line":9,"column":4},"end":{"line":11,"column":5}},"6":{"start":{"line":13,"column":0},"end":{"line":13,"column":30}}},"fnMap":{"0":{"name":"(anonymous_0)","decl":{"start":{"line":1,"column":19},"end":{"line":1,"column":20}},"loc":{"start":{"line":1,"column":25},"end":{"line":12,"column":1}},"line":1},"1":{"name":"palindromeBul","decl":{"start":{"line":2,"column":13},"end":{"line":2,"column":26}},"loc":{"start":{"line":2,"column":32},"end":{"line":7,"column":7}},"line":2}},"branchMap":{},"s":{"0":1,"1":5,"2":5,"3":5,"4":5,"5":1,"6":1},"f":{"0":1,"1":5},"b":{},"_coverageSchema":"43e27e138ebf9cfc5966b082cf9a028302ed4184","hash":"da28d119a7d650d5e7fe4bb9480e152edfae46ef"}
,"D:\\hacettepe\\YazılımDoğrulamaGeçerleme\\proje\\javascript_project\\JEST_prj\\src\\UcgenAlani.js": {"path":"D:\\hacettepe\\YazılımDoğrulamaGeçerleme\\proje\\javascript_project\\JEST_prj\\src\\UcgenAlani.js","statementMap":{"0":{"start":{"line":1,"column":19},"end":{"line":14,"column":1}},"1":{"start":{"line":3,"column":8},"end":{"line":5,"column":9}},"2":{"start":{"line":4,"column":12},"end":{"line":4,"column":65}},"3":{"start":{"line":7,"column":8},"end":{"line":7,"column":37}},"4":{"start":{"line":11,"column":4},"end":{"line":13,"column":5}},"5":{"start":{"line":15,"column":0},"end":{"line":15,"column":30}}},"fnMap":{"0":{"name":"(anonymous_0)","decl":{"start":{"line":1,"column":19},"end":{"line":1,"column":20}},"loc":{"start":{"line":1,"column":25},"end":{"line":14,"column":1}},"line":1},"1":{"name":"hesaplaUcgenAlani","decl":{"start":{"line":2,"column":13},"end":{"line":2,"column":30}},"loc":{"start":{"line":2,"column":49},"end":{"line":9,"column":5}},"line":2}},"branchMap":{"0":{"loc":{"start":{"line":3,"column":8},"end":{"line":5,"column":9}},"type":"if","locations":[{"start":{"line":3,"column":8},"end":{"line":5,"column":9}},{"start":{"line":3,"column":8},"end":{"line":5,"column":9}}],"line":3},"1":{"loc":{"start":{"line":3,"column":12},"end":{"line":3,"column":40}},"type":"binary-expr","locations":[{"start":{"line":3,"column":12},"end":{"line":3,"column":22}},{"start":{"line":3,"column":26},"end":{"line":3,"column":40}}],"line":3}},"s":{"0":1,"1":4,"2":2,"3":2,"4":1,"5":1},"f":{"0":1,"1":4},"b":{"0":[2,2],"1":[4,3]},"_coverageSchema":"43e27e138ebf9cfc5966b082cf9a028302ed4184","hash":"a26d8714b26661cf3e2119ed4e414a41bb9f69d5"}
}
