TN:
SF:D:\hacettepe\YazılımDoğrulamaGeçerleme\proje\javascript_project\JEST_prj\src\FizzBuzz.js
FN:25,(anonymous_0)
FN:26,getResult
FN:38,(anonymous_2)
FN:42,(anonymous_3)
FNF:4
FNH:4
FNDA:1,(anonymous_0)
FNDA:8,getResult
FNDA:9,(anonymous_2)
FNDA:5,(anonymous_3)
DA:25,1
DA:28,8
DA:29,3
DA:31,5
DA:32,4
DA:33,3
DA:35,2
DA:38,1
DA:39,9
DA:42,1
DA:43,5
DA:46,1
DA:51,1
LF:13
LH:13
BRDA:28,0,0,3
BRDA:28,0,1,5
BRDA:28,1,0,8
BRDA:28,1,1,7
BRDA:28,1,2,6
BRDA:31,2,0,1
BRDA:31,2,1,4
BRDA:31,3,0,5
BRDA:31,3,1,2
BRDA:32,4,0,1
BRDA:32,4,1,3
BRDA:33,5,0,1
BRDA:33,5,1,2
BRDA:39,6,0,9
BRDA:39,6,1,3
BRDA:43,7,0,5
BRDA:43,7,1,2
BRF:17
BRH:17
end_of_record
TN:
SF:D:\hacettepe\YazılımDoğrulamaGeçerleme\proje\javascript_project\JEST_prj\src\MergeSort.js
FN:1,(anonymous_0)
FN:3,getResult
FN:13,merger
FNF:3
FNH:3
FNDA:1,(anonymous_0)
FNDA:92,getResult
FNDA:43,merger
DA:1,1
DA:4,92
DA:5,92
DA:6,49
DA:8,43
DA:9,43
DA:14,43
DA:15,43
DA:16,110
DA:17,52
DA:19,58
DA:22,43
DA:25,1
DA:29,1
LF:14
LH:14
BRDA:5,0,0,49
BRDA:5,0,1,43
BRDA:15,1,0,153
BRDA:15,1,1,130
BRDA:16,2,0,52
BRDA:16,2,1,58
BRF:6
BRH:6
end_of_record
TN:
SF:D:\hacettepe\YazılımDoğrulamaGeçerleme\proje\javascript_project\JEST_prj\src\Palindrome.js
FN:1,(anonymous_0)
FN:2,palindromeBul
FNF:2
FNH:2
FNDA:1,(anonymous_0)
FNDA:5,palindromeBul
DA:1,1
DA:3,5
DA:4,5
DA:5,5
DA:6,5
DA:9,1
DA:13,1
LF:7
LH:7
BRF:0
BRH:0
end_of_record
TN:
SF:D:\hacettepe\YazılımDoğrulamaGeçerleme\proje\javascript_project\JEST_prj\src\UcgenAlani.js
FN:1,(anonymous_0)
FN:2,hesaplaUcgenAlani
FNF:2
FNH:2
FNDA:1,(anonymous_0)
FNDA:3,hesaplaUcgenAlani
DA:1,1
DA:3,3
DA:4,2
DA:7,1
DA:11,1
DA:15,1
LF:6
LH:6
BRDA:3,0,0,2
BRDA:3,0,1,1
BRDA:3,1,0,3
BRDA:3,1,1,2
BRF:4
BRH:4
end_of_record
