TN:
SF:D:\hacettepe\YazılımDoğrulamaGeçerleme\proje\javascript_project\JEST_prj\src\FizzBuzz.js
FN:1,(anonymous_0)
FN:2,getResult
FN:14,(anonymous_2)
FN:18,(anonymous_3)
FNF:4
FNH:4
FNDA:1,(anonymous_0)
FNDA:8,getResult
FNDA:9,(anonymous_2)
FNDA:5,(anonymous_3)
DA:1,1
DA:4,8
DA:5,3
DA:7,5
DA:8,4
DA:9,3
DA:11,2
DA:14,1
DA:15,9
DA:18,1
DA:19,5
DA:22,1
DA:27,1
LF:13
LH:13
BRDA:4,0,0,3
BRDA:4,0,1,5
BRDA:4,1,0,8
BRDA:4,1,1,7
BRDA:4,1,2,6
BRDA:7,2,0,1
BRDA:7,2,1,4
BRDA:7,3,0,5
BRDA:7,3,1,2
BRDA:8,4,0,1
BRDA:8,4,1,3
BRDA:9,5,0,1
BRDA:9,5,1,2
BRDA:15,6,0,9
BRDA:15,6,1,3
BRDA:19,7,0,5
BRDA:19,7,1,2
BRF:17
BRH:17
end_of_record
TN:
SF:D:\hacettepe\YazılımDoğrulamaGeçerleme\proje\javascript_project\JEST_prj\src\MergeSort.js
FN:1,(anonymous_0)
FN:3,getResult
FN:13,merger
FNF:3
FNH:3
FNDA:1,(anonymous_0)
FNDA:92,getResult
FNDA:43,merger
DA:1,1
DA:4,92
DA:5,92
DA:6,49
DA:8,43
DA:9,43
DA:14,43
DA:15,43
DA:16,110
DA:17,52
DA:19,58
DA:22,43
DA:25,1
DA:29,1
LF:14
LH:14
BRDA:5,0,0,49
BRDA:5,0,1,43
BRDA:15,1,0,153
BRDA:15,1,1,130
BRDA:16,2,0,52
BRDA:16,2,1,58
BRF:6
BRH:6
end_of_record
TN:
SF:D:\hacettepe\YazılımDoğrulamaGeçerleme\proje\javascript_project\JEST_prj\src\Palindrome.js
FN:1,(anonymous_0)
FN:2,palindromeBul
FNF:2
FNH:2
FNDA:1,(anonymous_0)
FNDA:5,palindromeBul
DA:1,1
DA:3,5
DA:4,5
DA:5,5
DA:6,5
DA:9,1
DA:13,1
LF:7
LH:7
BRF:0
BRH:0
end_of_record
TN:
SF:D:\hacettepe\YazılımDoğrulamaGeçerleme\proje\javascript_project\JEST_prj\src\UcgenAlani.js
FN:1,(anonymous_0)
FN:2,hesaplaUcgenAlani
FNF:2
FNH:2
FNDA:1,(anonymous_0)
FNDA:4,hesaplaUcgenAlani
DA:1,1
DA:3,4
DA:4,2
DA:7,2
DA:11,1
DA:15,1
LF:6
LH:6
BRDA:3,0,0,2
BRDA:3,0,1,2
BRDA:3,1,0,4
BRDA:3,1,1,3
BRF:4
BRH:4
end_of_record
